<?xml version="1.0" encoding="UTF-8"?>
<testsuite xmlns:xsi="http://www.w3.org/2001/XMLSchema-instance" xsi:noNamespaceSchemaLocation="https://maven.apache.org/surefire/maven-surefire-plugin/xsd/surefire-test-report.xsd" name="com.nebula.springprotem.SpringProTemApplicationTests" time="1.802" tests="1" errors="0" skipped="0" failures="0">
  <properties>
    <property name="sun.desktop" value="windows"/>
    <property name="awt.toolkit" value="sun.awt.windows.WToolkit"/>
    <property name="file.encoding.pkg" value="sun.io"/>
    <property name="java.specification.version" value="1.8"/>
    <property name="sun.cpu.isalist" value="amd64"/>
    <property name="sun.jnu.encoding" value="GBK"/>
    <property name="java.class.path" value="E:\eclipseworkspaceLocal\spring-pro-tem\target\test-classes;E:\eclipseworkspaceLocal\spring-pro-tem\target\classes;D:\Repository\Maven\org\springframework\boot\spring-boot-starter\2.4.2\spring-boot-starter-2.4.2.jar;D:\Repository\Maven\org\springframework\boot\spring-boot\2.4.2\spring-boot-2.4.2.jar;D:\Repository\Maven\org\springframework\spring-context\5.3.3\spring-context-5.3.3.jar;D:\Repository\Maven\org\springframework\spring-aop\5.3.3\spring-aop-5.3.3.jar;D:\Repository\Maven\org\springframework\spring-beans\5.3.3\spring-beans-5.3.3.jar;D:\Repository\Maven\org\springframework\spring-expression\5.3.3\spring-expression-5.3.3.jar;D:\Repository\Maven\org\springframework\boot\spring-boot-autoconfigure\2.4.2\spring-boot-autoconfigure-2.4.2.jar;D:\Repository\Maven\org\springframework\boot\spring-boot-starter-logging\2.4.2\spring-boot-starter-logging-2.4.2.jar;D:\Repository\Maven\ch\qos\logback\logback-classic\1.2.3\logback-classic-1.2.3.jar;D:\Repository\Maven\ch\qos\logback\logback-core\1.2.3\logback-core-1.2.3.jar;D:\Repository\Maven\org\apache\logging\log4j\log4j-to-slf4j\2.13.3\log4j-to-slf4j-2.13.3.jar;D:\Repository\Maven\org\apache\logging\log4j\log4j-api\2.13.3\log4j-api-2.13.3.jar;D:\Repository\Maven\org\slf4j\jul-to-slf4j\1.7.30\jul-to-slf4j-1.7.30.jar;D:\Repository\Maven\jakarta\annotation\jakarta.annotation-api\1.3.5\jakarta.annotation-api-1.3.5.jar;D:\Repository\Maven\org\springframework\spring-core\5.3.3\spring-core-5.3.3.jar;D:\Repository\Maven\org\springframework\spring-jcl\5.3.3\spring-jcl-5.3.3.jar;D:\Repository\Maven\org\yaml\snakeyaml\1.27\snakeyaml-1.27.jar;D:\Repository\Maven\org\springframework\boot\spring-boot-starter-test\2.4.2\spring-boot-starter-test-2.4.2.jar;D:\Repository\Maven\org\springframework\boot\spring-boot-test\2.4.2\spring-boot-test-2.4.2.jar;D:\Repository\Maven\org\springframework\boot\spring-boot-test-autoconfigure\2.4.2\spring-boot-test-autoconfigure-2.4.2.jar;D:\Repository\Maven\com\jayway\jsonpath\json-path\2.4.0\json-path-2.4.0.jar;D:\Repository\Maven\net\minidev\json-smart\2.3\json-smart-2.3.jar;D:\Repository\Maven\net\minidev\accessors-smart\1.2\accessors-smart-1.2.jar;D:\Repository\Maven\org\ow2\asm\asm\5.0.4\asm-5.0.4.jar;D:\Repository\Maven\org\slf4j\slf4j-api\1.7.30\slf4j-api-1.7.30.jar;D:\Repository\Maven\jakarta\xml\bind\jakarta.xml.bind-api\2.3.3\jakarta.xml.bind-api-2.3.3.jar;D:\Repository\Maven\jakarta\activation\jakarta.activation-api\1.2.2\jakarta.activation-api-1.2.2.jar;D:\Repository\Maven\org\assertj\assertj-core\3.18.1\assertj-core-3.18.1.jar;D:\Repository\Maven\org\hamcrest\hamcrest\2.2\hamcrest-2.2.jar;D:\Repository\Maven\org\junit\jupiter\junit-jupiter\5.7.0\junit-jupiter-5.7.0.jar;D:\Repository\Maven\org\junit\jupiter\junit-jupiter-api\5.7.0\junit-jupiter-api-5.7.0.jar;D:\Repository\Maven\org\apiguardian\apiguardian-api\1.1.0\apiguardian-api-1.1.0.jar;D:\Repository\Maven\org\opentest4j\opentest4j\1.2.0\opentest4j-1.2.0.jar;D:\Repository\Maven\org\junit\platform\junit-platform-commons\1.7.0\junit-platform-commons-1.7.0.jar;D:\Repository\Maven\org\junit\jupiter\junit-jupiter-params\5.7.0\junit-jupiter-params-5.7.0.jar;D:\Repository\Maven\org\junit\jupiter\junit-jupiter-engine\5.7.0\junit-jupiter-engine-5.7.0.jar;D:\Repository\Maven\org\junit\platform\junit-platform-engine\1.7.0\junit-platform-engine-1.7.0.jar;D:\Repository\Maven\org\mockito\mockito-core\3.6.28\mockito-core-3.6.28.jar;D:\Repository\Maven\net\bytebuddy\byte-buddy\1.10.19\byte-buddy-1.10.19.jar;D:\Repository\Maven\net\bytebuddy\byte-buddy-agent\1.10.19\byte-buddy-agent-1.10.19.jar;D:\Repository\Maven\org\objenesis\objenesis\3.1\objenesis-3.1.jar;D:\Repository\Maven\org\mockito\mockito-junit-jupiter\3.6.28\mockito-junit-jupiter-3.6.28.jar;D:\Repository\Maven\org\skyscreamer\jsonassert\1.5.0\jsonassert-1.5.0.jar;D:\Repository\Maven\com\vaadin\external\google\android-json\0.0.20131108.vaadin1\android-json-0.0.20131108.vaadin1.jar;D:\Repository\Maven\org\springframework\spring-test\5.3.3\spring-test-5.3.3.jar;D:\Repository\Maven\org\xmlunit\xmlunit-core\2.7.0\xmlunit-core-2.7.0.jar;"/>
    <property name="java.vm.vendor" value="Oracle Corporation"/>
    <property name="sun.arch.data.model" value="64"/>
    <property name="user.variant" value=""/>
    <property name="java.vendor.url" value="http://java.oracle.com/"/>
    <property name="user.timezone" value="Asia/Shanghai"/>
    <property name="java.vm.specification.version" value="1.8"/>
    <property name="os.name" value="Windows 7"/>
    <property name="user.country" value="CN"/>
    <property name="sun.java.launcher" value="SUN_STANDARD"/>
    <property name="sun.boot.library.path" value="D:\professSoftware\Java\jdk1.8.0_131\jre\bin"/>
    <property name="sun.java.command" value="C:\Users\zhe.yan\AppData\Local\Temp\surefire4794541914449558718\surefirebooter9006737631103374337.jar C:\Users\zhe.yan\AppData\Local\Temp\surefire4794541914449558718 2021-01-21T17-58-10_163-jvmRun1 surefire5646751143049853013tmp surefire_09010941472658758386tmp"/>
    <property name="surefire.test.class.path" value="E:\eclipseworkspaceLocal\spring-pro-tem\target\test-classes;E:\eclipseworkspaceLocal\spring-pro-tem\target\classes;D:\Repository\Maven\org\springframework\boot\spring-boot-starter\2.4.2\spring-boot-starter-2.4.2.jar;D:\Repository\Maven\org\springframework\boot\spring-boot\2.4.2\spring-boot-2.4.2.jar;D:\Repository\Maven\org\springframework\spring-context\5.3.3\spring-context-5.3.3.jar;D:\Repository\Maven\org\springframework\spring-aop\5.3.3\spring-aop-5.3.3.jar;D:\Repository\Maven\org\springframework\spring-beans\5.3.3\spring-beans-5.3.3.jar;D:\Repository\Maven\org\springframework\spring-expression\5.3.3\spring-expression-5.3.3.jar;D:\Repository\Maven\org\springframework\boot\spring-boot-autoconfigure\2.4.2\spring-boot-autoconfigure-2.4.2.jar;D:\Repository\Maven\org\springframework\boot\spring-boot-starter-logging\2.4.2\spring-boot-starter-logging-2.4.2.jar;D:\Repository\Maven\ch\qos\logback\logback-classic\1.2.3\logback-classic-1.2.3.jar;D:\Repository\Maven\ch\qos\logback\logback-core\1.2.3\logback-core-1.2.3.jar;D:\Repository\Maven\org\apache\logging\log4j\log4j-to-slf4j\2.13.3\log4j-to-slf4j-2.13.3.jar;D:\Repository\Maven\org\apache\logging\log4j\log4j-api\2.13.3\log4j-api-2.13.3.jar;D:\Repository\Maven\org\slf4j\jul-to-slf4j\1.7.30\jul-to-slf4j-1.7.30.jar;D:\Repository\Maven\jakarta\annotation\jakarta.annotation-api\1.3.5\jakarta.annotation-api-1.3.5.jar;D:\Repository\Maven\org\springframework\spring-core\5.3.3\spring-core-5.3.3.jar;D:\Repository\Maven\org\springframework\spring-jcl\5.3.3\spring-jcl-5.3.3.jar;D:\Repository\Maven\org\yaml\snakeyaml\1.27\snakeyaml-1.27.jar;D:\Repository\Maven\org\springframework\boot\spring-boot-starter-test\2.4.2\spring-boot-starter-test-2.4.2.jar;D:\Repository\Maven\org\springframework\boot\spring-boot-test\2.4.2\spring-boot-test-2.4.2.jar;D:\Repository\Maven\org\springframework\boot\spring-boot-test-autoconfigure\2.4.2\spring-boot-test-autoconfigure-2.4.2.jar;D:\Repository\Maven\com\jayway\jsonpath\json-path\2.4.0\json-path-2.4.0.jar;D:\Repository\Maven\net\minidev\json-smart\2.3\json-smart-2.3.jar;D:\Repository\Maven\net\minidev\accessors-smart\1.2\accessors-smart-1.2.jar;D:\Repository\Maven\org\ow2\asm\asm\5.0.4\asm-5.0.4.jar;D:\Repository\Maven\org\slf4j\slf4j-api\1.7.30\slf4j-api-1.7.30.jar;D:\Repository\Maven\jakarta\xml\bind\jakarta.xml.bind-api\2.3.3\jakarta.xml.bind-api-2.3.3.jar;D:\Repository\Maven\jakarta\activation\jakarta.activation-api\1.2.2\jakarta.activation-api-1.2.2.jar;D:\Repository\Maven\org\assertj\assertj-core\3.18.1\assertj-core-3.18.1.jar;D:\Repository\Maven\org\hamcrest\hamcrest\2.2\hamcrest-2.2.jar;D:\Repository\Maven\org\junit\jupiter\junit-jupiter\5.7.0\junit-jupiter-5.7.0.jar;D:\Repository\Maven\org\junit\jupiter\junit-jupiter-api\5.7.0\junit-jupiter-api-5.7.0.jar;D:\Repository\Maven\org\apiguardian\apiguardian-api\1.1.0\apiguardian-api-1.1.0.jar;D:\Repository\Maven\org\opentest4j\opentest4j\1.2.0\opentest4j-1.2.0.jar;D:\Repository\Maven\org\junit\platform\junit-platform-commons\1.7.0\junit-platform-commons-1.7.0.jar;D:\Repository\Maven\org\junit\jupiter\junit-jupiter-params\5.7.0\junit-jupiter-params-5.7.0.jar;D:\Repository\Maven\org\junit\jupiter\junit-jupiter-engine\5.7.0\junit-jupiter-engine-5.7.0.jar;D:\Repository\Maven\org\junit\platform\junit-platform-engine\1.7.0\junit-platform-engine-1.7.0.jar;D:\Repository\Maven\org\mockito\mockito-core\3.6.28\mockito-core-3.6.28.jar;D:\Repository\Maven\net\bytebuddy\byte-buddy\1.10.19\byte-buddy-1.10.19.jar;D:\Repository\Maven\net\bytebuddy\byte-buddy-agent\1.10.19\byte-buddy-agent-1.10.19.jar;D:\Repository\Maven\org\objenesis\objenesis\3.1\objenesis-3.1.jar;D:\Repository\Maven\org\mockito\mockito-junit-jupiter\3.6.28\mockito-junit-jupiter-3.6.28.jar;D:\Repository\Maven\org\skyscreamer\jsonassert\1.5.0\jsonassert-1.5.0.jar;D:\Repository\Maven\com\vaadin\external\google\android-json\0.0.20131108.vaadin1\android-json-0.0.20131108.vaadin1.jar;D:\Repository\Maven\org\springframework\spring-test\5.3.3\spring-test-5.3.3.jar;D:\Repository\Maven\org\xmlunit\xmlunit-core\2.7.0\xmlunit-core-2.7.0.jar;"/>
    <property name="sun.cpu.endian" value="little"/>
    <property name="user.home" value="C:\Users\zhe.yan"/>
    <property name="user.language" value="zh"/>
    <property name="java.specification.vendor" value="Oracle Corporation"/>
    <property name="java.home" value="D:\professSoftware\Java\jdk1.8.0_131\jre"/>
    <property name="basedir" value="E:\eclipseworkspaceLocal\spring-pro-tem"/>
    <property name="file.separator" value="\"/>
    <property name="line.separator" value="&#10;"/>
    <property name="java.vm.specification.vendor" value="Oracle Corporation"/>
    <property name="java.specification.name" value="Java Platform API Specification"/>
    <property name="java.awt.graphicsenv" value="sun.awt.Win32GraphicsEnvironment"/>
    <property name="surefire.real.class.path" value="C:\Users\zhe.yan\AppData\Local\Temp\surefire4794541914449558718\surefirebooter9006737631103374337.jar"/>
    <property name="sun.boot.class.path" value="D:\professSoftware\Java\jdk1.8.0_131\jre\lib\resources.jar;D:\professSoftware\Java\jdk1.8.0_131\jre\lib\rt.jar;D:\professSoftware\Java\jdk1.8.0_131\jre\lib\sunrsasign.jar;D:\professSoftware\Java\jdk1.8.0_131\jre\lib\jsse.jar;D:\professSoftware\Java\jdk1.8.0_131\jre\lib\jce.jar;D:\professSoftware\Java\jdk1.8.0_131\jre\lib\charsets.jar;D:\professSoftware\Java\jdk1.8.0_131\jre\lib\jfr.jar;D:\professSoftware\Java\jdk1.8.0_131\jre\classes"/>
    <property name="user.script" value=""/>
    <property name="sun.management.compiler" value="HotSpot 64-Bit Tiered Compilers"/>
    <property name="java.runtime.version" value="1.8.0_131-b11"/>
    <property name="user.name" value="zhe.yan"/>
    <property name="path.separator" value=";"/>
    <property name="os.version" value="6.1"/>
    <property name="java.endorsed.dirs" value="D:\professSoftware\Java\jdk1.8.0_131\jre\lib\endorsed"/>
    <property name="java.runtime.name" value="Java(TM) SE Runtime Environment"/>
    <property name="file.encoding" value="GBK"/>
    <property name="java.vm.name" value="Java HotSpot(TM) 64-Bit Server VM"/>
    <property name="localRepository" value="D:\Repository\Maven"/>
    <property name="java.vendor.url.bug" value="http://bugreport.sun.com/bugreport/"/>
    <property name="java.io.tmpdir" value="C:\Users\zhe.yan\AppData\Local\Temp\"/>
    <property name="java.version" value="1.8.0_131"/>
    <property name="user.dir" value="E:\eclipseworkspaceLocal\spring-pro-tem"/>
    <property name="os.arch" value="amd64"/>
    <property name="java.vm.specification.name" value="Java Virtual Machine Specification"/>
    <property name="java.awt.printerjob" value="sun.awt.windows.WPrinterJob"/>
    <property name="sun.os.patch.level" value="Service Pack 1"/>
    <property name="java.library.path" value="D:\professSoftware\Java\jdk1.8.0_131\jre\bin;C:\Windows\Sun\Java\bin;C:\Windows\system32;C:\Windows;D:\professSoftware\Java\jdk1.8.0_131/bin;D:\professSoftware\Xshell6\;C:\Program Files (x86)\Common Files\Oracle\Java\javapath;C:\Windows\system32;C:\Windows;C:\Windows\System32\Wbem;C:\Windows\System32\WindowsPowerShell\v1.0\;C:\Program Files (x86)\Intel\OpenCL SDK\2.0\bin\x86;C:\Program Files (x86)\Intel\OpenCL SDK\2.0\bin\x64;D:\professSoftware\apache-maven-3.3.9/bin;C:\Program Files (x86)\Microsoft SQL Server\100\Tools\Binn\;C:\Program Files\Microsoft SQL Server\100\Tools\Binn\;C:\Program Files\Microsoft SQL Server\100\DTS\Binn\;C:\Program Files (x86)\Microsoft SQL Server\100\Tools\Binn\VSShell\Common7\IDE\;C:\Program Files (x86)\Microsoft SQL Server\100\DTS\Binn\;C:\Program Files (x86)\Microsoft Visual Studio 9.0\Common7\IDE\PrivateAssemblies\;D:\professSoftware\Android\SDK\platform-tools;D:\professSoftware\Android\SDK\tools;C:\Program Files (x86)\Google\Chrome\Application\;D:\professSoftware\Git-2.21.0-64\Git\bin;D:\professSoftware\node\;D:\software\Bluetooh\;D:\software\Bluetooh\syswow64;D:\professSoftware\Python3.8.2\Scripts\;D:\professSoftware\Python3.8.2\;C:\Program Files (x86)\Google\Chrome\Application\;C:\Users\zhe.yan\AppData\Roaming\npm;."/>
    <property name="java.vm.info" value="mixed mode"/>
    <property name="java.vendor" value="Oracle Corporation"/>
    <property name="java.vm.version" value="25.131-b11"/>
    <property name="java.ext.dirs" value="D:\professSoftware\Java\jdk1.8.0_131\jre\lib\ext;C:\Windows\Sun\Java\lib\ext"/>
    <property name="sun.io.unicode.encoding" value="UnicodeLittle"/>
    <property name="java.class.version" value="52.0"/>
  </properties>
  <testcase name="contextLoads" classname="com.nebula.springprotem.SpringProTemApplicationTests" time="0.203"/>
</testsuite>